<?xml version="1.0" encoding="UTF-8"?>
<testsuites name="jest tests" tests="1" failures="1" errors="0" time="1.023">
  <testsuite name="undefined" errors="0" failures="1" skipped="0" timestamp="2023-10-20T10:05:56" time="0.943" tests="1">
    <testcase classname=" renders &quot;Hello world&quot;" name=" renders &quot;Hello world&quot;" time="0.001">
      <failure>ReferenceError: React is not defined
    at Object.&lt;anonymous&gt; (C:\Users\vpal8\OneDrive\Desktop\testDemo\myapp\src\App.test.js:5:10)
    at Promise.then.completed (C:\Users\vpal8\OneDrive\Desktop\testDemo\myapp\node_modules\jest-circus\build\utils.js:391:28)
    at new Promise (&lt;anonymous&gt;)
    at callAsyncCircusFn (C:\Users\vpal8\OneDrive\Desktop\testDemo\myapp\node_modules\jest-circus\build\utils.js:316:10)
    at _callCircusTest (C:\Users\vpal8\OneDrive\Desktop\testDemo\myapp\node_modules\jest-circus\build\run.js:218:40)
    at processTicksAndRejections (node:internal/process/task_queues:95:5)
    at _runTest (C:\Users\vpal8\OneDrive\Desktop\testDemo\myapp\node_modules\jest-circus\build\run.js:155:3)
    at _runTestsForDescribeBlock (C:\Users\vpal8\OneDrive\Desktop\testDemo\myapp\node_modules\jest-circus\build\run.js:66:9)
    at run (C:\Users\vpal8\OneDrive\Desktop\testDemo\myapp\node_modules\jest-circus\build\run.js:25:3)
    at runAndTransformResultsToJestFormat (C:\Users\vpal8\OneDrive\Desktop\testDemo\myapp\node_modules\jest-circus\build\legacy-code-todo-rewrite\jestAdapterInit.js:170:21)</failure>
    </testcase>
  </testsuite>
</testsuites>